This file contains any messages produced by compilers while
running configure, to aid debugging if configure makes a mistake.

It was created by configure, which was
generated by GNU Autoconf 2.61.  Invocation command line was

  $ ./configure 

## --------- ##
## Platform. ##
## --------- ##

hostname = burning-hell
uname -m = i686
uname -r = 2.6.24-19-generic
uname -s = Linux
uname -v = #1 SMP Wed Jun 4 16:35:01 UTC 2008

/usr/bin/uname -p = unknown
/bin/uname -X     = unknown

/bin/arch              = unknown
/usr/bin/arch -k       = unknown
/usr/convex/getsysinfo = unknown
/usr/bin/hostinfo      = unknown
/bin/machine           = unknown
/usr/bin/oslevel       = unknown
/bin/universe          = unknown

PATH: /usr/local/sbin
PATH: /usr/local/bin
PATH: /usr/sbin
PATH: /usr/bin
PATH: /sbin
PATH: /bin
PATH: /usr/games


## ----------- ##
## Core tests. ##
## ----------- ##

configure:1972: checking for a BSD-compatible install
configure:2028: result: /usr/bin/install -c
configure:2039: checking whether build environment is sane
configure:2082: result: yes
configure:2110: checking for a thread-safe mkdir -p
configure:2149: result: /bin/mkdir -p
configure:2162: checking for gawk
configure:2178: found /usr/bin/gawk
configure:2189: result: gawk
configure:2200: checking whether make sets $(MAKE)
configure:2221: result: yes
configure:2449: checking for gcc
configure:2465: found /usr/bin/gcc
configure:2476: result: gcc
configure:2714: checking for C compiler version
configure:2721: gcc --version >&5
gcc (GCC) 4.2.3 (Ubuntu 4.2.3-2ubuntu7)
Copyright (C) 2007 Free Software Foundation, Inc.
This is free software; see the source for copying conditions.  There is NO
warranty; not even for MERCHANTABILITY or FITNESS FOR A PARTICULAR PURPOSE.

configure:2724: $? = 0
configure:2731: gcc -v >&5
Using built-in specs.
Target: i486-linux-gnu
Configured with: ../src/configure -v --enable-languages=c,c++,fortran,objc,obj-c++,treelang --prefix=/usr --enable-shared --with-system-zlib --libexecdir=/usr/lib --without-included-gettext --enable-threads=posix --enable-nls --with-gxx-include-dir=/usr/include/c++/4.2 --program-suffix=-4.2 --enable-clocale=gnu --enable-libstdcxx-debug --enable-objc-gc --enable-mpfr --enable-targets=all --enable-checking=release --build=i486-linux-gnu --host=i486-linux-gnu --target=i486-linux-gnu
Thread model: posix
gcc version 4.2.3 (Ubuntu 4.2.3-2ubuntu7)
configure:2734: $? = 0
configure:2741: gcc -V >&5
gcc: '-V' option must have argument
configure:2744: $? = 1
configure:2767: checking for C compiler default output file name
configure:2794: gcc    conftest.c  >&5
configure:2797: $? = 0
configure:2835: result: a.out
configure:2852: checking whether the C compiler works
configure:2862: ./a.out
configure:2865: $? = 0
configure:2882: result: yes
configure:2889: checking whether we are cross compiling
configure:2891: result: no
configure:2894: checking for suffix of executables
configure:2901: gcc -o conftest    conftest.c  >&5
configure:2904: $? = 0
configure:2928: result: 
configure:2934: checking for suffix of object files
configure:2960: gcc -c   conftest.c >&5
configure:2963: $? = 0
configure:2986: result: o
configure:2990: checking whether we are using the GNU C compiler
configure:3019: gcc -c   conftest.c >&5
configure:3025: $? = 0
configure:3042: result: yes
configure:3047: checking whether gcc accepts -g
configure:3077: gcc -c -g  conftest.c >&5
configure:3083: $? = 0
configure:3182: result: yes
configure:3199: checking for gcc option to accept ISO C89
configure:3273: gcc  -c -g -O2  conftest.c >&5
configure:3279: $? = 0
configure:3302: result: none needed
configure:3331: checking for style of include used by make
configure:3359: result: GNU
configure:3384: checking dependency style of gcc
configure:3475: result: gcc3
configure:3570: checking build system type
configure:3588: result: i686-pc-linux-gnu
configure:3610: checking host system type
configure:3625: result: i686-pc-linux-gnu
configure:3647: checking for a sed that does not truncate output
configure:3701: result: /bin/sed
configure:3704: checking for grep that handles long lines and -e
configure:3778: result: /bin/grep
configure:3783: checking for egrep
configure:3861: result: /bin/grep -E
configure:3877: checking for ld used by gcc
configure:3944: result: /usr/bin/ld
configure:3953: checking if the linker (/usr/bin/ld) is GNU ld
configure:3968: result: yes
configure:3973: checking for /usr/bin/ld option to reload object files
configure:3980: result: -r
configure:3998: checking for BSD-compatible nm
configure:4047: result: /usr/bin/nm -B
configure:4051: checking whether ln -s works
configure:4055: result: yes
configure:4062: checking how to recognise dependent libraries
configure:4238: result: pass_all
configure:4762: checking how to run the C preprocessor
configure:4802: gcc -E  conftest.c
configure:4808: $? = 0
configure:4839: gcc -E  conftest.c
conftest.c:8:28: error: ac_nonexistent.h: No such file or directory
configure:4845: $? = 1
configure: failed program was:
| /* confdefs.h.  */
| #define PACKAGE_NAME ""
| #define PACKAGE_TARNAME ""
| #define PACKAGE_VERSION ""
| #define PACKAGE_STRING ""
| #define PACKAGE_BUGREPORT ""
| /* end confdefs.h.  */
| #include <ac_nonexistent.h>
configure:4878: result: gcc -E
configure:4907: gcc -E  conftest.c
configure:4913: $? = 0
configure:4944: gcc -E  conftest.c
conftest.c:8:28: error: ac_nonexistent.h: No such file or directory
configure:4950: $? = 1
configure: failed program was:
| /* confdefs.h.  */
| #define PACKAGE_NAME ""
| #define PACKAGE_TARNAME ""
| #define PACKAGE_VERSION ""
| #define PACKAGE_STRING ""
| #define PACKAGE_BUGREPORT ""
| /* end confdefs.h.  */
| #include <ac_nonexistent.h>
configure:4988: checking for ANSI C header files
configure:5018: gcc -c -g -O2  conftest.c >&5
configure:5024: $? = 0
configure:5123: gcc -o conftest -g -O2   conftest.c  >&5
configure:5126: $? = 0
configure:5132: ./conftest
configure:5135: $? = 0
configure:5152: result: yes
configure:5176: checking for sys/types.h
configure:5197: gcc -c -g -O2  conftest.c >&5
configure:5203: $? = 0
configure:5219: result: yes
configure:5176: checking for sys/stat.h
configure:5197: gcc -c -g -O2  conftest.c >&5
configure:5203: $? = 0
configure:5219: result: yes
configure:5176: checking for stdlib.h
configure:5197: gcc -c -g -O2  conftest.c >&5
configure:5203: $? = 0
configure:5219: result: yes
configure:5176: checking for string.h
configure:5197: gcc -c -g -O2  conftest.c >&5
configure:5203: $? = 0
configure:5219: result: yes
configure:5176: checking for memory.h
configure:5197: gcc -c -g -O2  conftest.c >&5
configure:5203: $? = 0
configure:5219: result: yes
configure:5176: checking for strings.h
configure:5197: gcc -c -g -O2  conftest.c >&5
configure:5203: $? = 0
configure:5219: result: yes
configure:5176: checking for inttypes.h
configure:5197: gcc -c -g -O2  conftest.c >&5
configure:5203: $? = 0
configure:5219: result: yes
configure:5176: checking for stdint.h
configure:5197: gcc -c -g -O2  conftest.c >&5
configure:5203: $? = 0
configure:5219: result: yes
configure:5176: checking for unistd.h
configure:5197: gcc -c -g -O2  conftest.c >&5
configure:5203: $? = 0
configure:5219: result: yes
configure:5246: checking dlfcn.h usability
configure:5263: gcc -c -g -O2  conftest.c >&5
configure:5269: $? = 0
configure:5283: result: yes
configure:5287: checking dlfcn.h presence
configure:5302: gcc -E  conftest.c
configure:5308: $? = 0
configure:5322: result: yes
configure:5350: checking for dlfcn.h
configure:5358: result: yes
configure:5429: checking for g++
configure:5445: found /usr/bin/g++
configure:5456: result: g++
configure:5487: checking for C++ compiler version
configure:5494: g++ --version >&5
g++ (GCC) 4.2.3 (Ubuntu 4.2.3-2ubuntu7)
Copyright (C) 2007 Free Software Foundation, Inc.
This is free software; see the source for copying conditions.  There is NO
warranty; not even for MERCHANTABILITY or FITNESS FOR A PARTICULAR PURPOSE.

configure:5497: $? = 0
configure:5504: g++ -v >&5
Using built-in specs.
Target: i486-linux-gnu
Configured with: ../src/configure -v --enable-languages=c,c++,fortran,objc,obj-c++,treelang --prefix=/usr --enable-shared --with-system-zlib --libexecdir=/usr/lib --without-included-gettext --enable-threads=posix --enable-nls --with-gxx-include-dir=/usr/include/c++/4.2 --program-suffix=-4.2 --enable-clocale=gnu --enable-libstdcxx-debug --enable-objc-gc --enable-mpfr --enable-targets=all --enable-checking=release --build=i486-linux-gnu --host=i486-linux-gnu --target=i486-linux-gnu
Thread model: posix
gcc version 4.2.3 (Ubuntu 4.2.3-2ubuntu7)
configure:5507: $? = 0
configure:5514: g++ -V >&5
g++: '-V' option must have argument
configure:5517: $? = 1
configure:5520: checking whether we are using the GNU C++ compiler
configure:5549: g++ -c   conftest.cpp >&5
configure:5555: $? = 0
configure:5572: result: yes
configure:5577: checking whether g++ accepts -g
configure:5607: g++ -c -g  conftest.cpp >&5
configure:5613: $? = 0
configure:5712: result: yes
configure:5737: checking dependency style of g++
configure:5828: result: gcc3
configure:5853: checking how to run the C++ preprocessor
configure:5889: g++ -E  conftest.cpp
configure:5895: $? = 0
configure:5926: g++ -E  conftest.cpp
conftest.cpp:19:28: error: ac_nonexistent.h: No such file or directory
configure:5932: $? = 1
configure: failed program was:
| /* confdefs.h.  */
| #define PACKAGE_NAME ""
| #define PACKAGE_TARNAME ""
| #define PACKAGE_VERSION ""
| #define PACKAGE_STRING ""
| #define PACKAGE_BUGREPORT ""
| #define STDC_HEADERS 1
| #define HAVE_SYS_TYPES_H 1
| #define HAVE_SYS_STAT_H 1
| #define HAVE_STDLIB_H 1
| #define HAVE_STRING_H 1
| #define HAVE_MEMORY_H 1
| #define HAVE_STRINGS_H 1
| #define HAVE_INTTYPES_H 1
| #define HAVE_STDINT_H 1
| #define HAVE_UNISTD_H 1
| #define HAVE_DLFCN_H 1
| /* end confdefs.h.  */
| #include <ac_nonexistent.h>
configure:5965: result: g++ -E
configure:5994: g++ -E  conftest.cpp
configure:6000: $? = 0
configure:6031: g++ -E  conftest.cpp
conftest.cpp:19:28: error: ac_nonexistent.h: No such file or directory
configure:6037: $? = 1
configure: failed program was:
| /* confdefs.h.  */
| #define PACKAGE_NAME ""
| #define PACKAGE_TARNAME ""
| #define PACKAGE_VERSION ""
| #define PACKAGE_STRING ""
| #define PACKAGE_BUGREPORT ""
| #define STDC_HEADERS 1
| #define HAVE_SYS_TYPES_H 1
| #define HAVE_SYS_STAT_H 1
| #define HAVE_STDLIB_H 1
| #define HAVE_STRING_H 1
| #define HAVE_MEMORY_H 1
| #define HAVE_STRINGS_H 1
| #define HAVE_INTTYPES_H 1
| #define HAVE_STDINT_H 1
| #define HAVE_UNISTD_H 1
| #define HAVE_DLFCN_H 1
| /* end confdefs.h.  */
| #include <ac_nonexistent.h>
configure:6130: checking for g77
configure:6160: result: no
configure:6130: checking for xlf
configure:6160: result: no
configure:6130: checking for f77
configure:6160: result: no
configure:6130: checking for frt
configure:6160: result: no
configure:6130: checking for pgf77
configure:6160: result: no
configure:6130: checking for cf77
configure:6160: result: no
configure:6130: checking for fort77
configure:6160: result: no
configure:6130: checking for fl32
configure:6160: result: no
configure:6130: checking for af77
configure:6160: result: no
configure:6130: checking for xlf90
configure:6160: result: no
configure:6130: checking for f90
configure:6160: result: no
configure:6130: checking for pgf90
configure:6160: result: no
configure:6130: checking for pghpf
configure:6160: result: no
configure:6130: checking for epcf90
configure:6160: result: no
configure:6130: checking for gfortran
configure:6160: result: no
configure:6130: checking for g95
configure:6160: result: no
configure:6130: checking for xlf95
configure:6160: result: no
configure:6130: checking for f95
configure:6160: result: no
configure:6130: checking for fort
configure:6160: result: no
configure:6130: checking for ifort
configure:6160: result: no
configure:6130: checking for ifc
configure:6160: result: no
configure:6130: checking for efc
configure:6160: result: no
configure:6130: checking for pgf95
configure:6160: result: no
configure:6130: checking for lf95
configure:6160: result: no
configure:6130: checking for ftn
configure:6160: result: no
configure:6187: checking for Fortran 77 compiler version
configure:6194:  --version >&5
./configure: line 6195: --version: command not found
configure:6197: $? = 127
configure:6204:  -v >&5
./configure: line 6205: -v: command not found
configure:6207: $? = 127
configure:6214:  -V >&5
./configure: line 6215: -V: command not found
configure:6217: $? = 127
configure:6225: checking whether we are using the GNU Fortran 77 compiler
configure:6244:  -c  conftest.F >&5
./configure: line 6245: -c: command not found
configure:6250: $? = 127
configure: failed program was:
|       program main
| #ifndef __GNUC__
|        choke me
| #endif
| 
|       end
configure:6267: result: no
configure:6273: checking whether  accepts -g
configure:6290:  -c -g conftest.f >&5
./configure: line 6291: -c: command not found
configure:6296: $? = 127
configure: failed program was:
|       program main
| 
|       end
configure:6312: result: no
configure:6342: checking the maximum length of command line arguments
configure:6451: result: 32768
configure:6462: checking command to parse /usr/bin/nm -B output from gcc object
configure:6567: gcc -c -g -O2  conftest.c >&5
configure:6570: $? = 0
configure:6574: /usr/bin/nm -B conftest.o \| sed -n -e 's/^.*[ 	]\([ABCDGIRSTW][ABCDGIRSTW]*\)[ 	][ 	]*\([_A-Za-z][_A-Za-z0-9]*\)$/\1 \2 \2/p' \> conftest.nm
configure:6577: $? = 0
configure:6629: gcc -o conftest -g -O2   conftest.c conftstm.o >&5
configure:6632: $? = 0
configure:6670: result: ok
configure:6674: checking for objdir
configure:6689: result: .libs
configure:6781: checking for ar
configure:6797: found /usr/bin/ar
configure:6808: result: ar
configure:6877: checking for ranlib
configure:6893: found /usr/bin/ranlib
configure:6904: result: ranlib
configure:6973: checking for strip
configure:6989: found /usr/bin/strip
configure:7000: result: strip
configure:7286: checking if gcc supports -fno-rtti -fno-exceptions
configure:7304: gcc -c -g -O2  -fno-rtti -fno-exceptions conftest.c >&5
cc1: warning: command line option "-fno-rtti" is valid for C++/ObjC++ but not for C
configure:7308: $? = 0
configure:7321: result: no
configure:7336: checking for gcc option to produce PIC
configure:7546: result: -fPIC
configure:7554: checking if gcc PIC flag -fPIC works
configure:7572: gcc -c -g -O2  -fPIC -DPIC conftest.c >&5
configure:7576: $? = 0
configure:7589: result: yes
configure:7617: checking if gcc static flag -static works
configure:7645: result: yes
configure:7655: checking if gcc supports -c -o file.o
configure:7676: gcc -c -g -O2  -o out/conftest2.o conftest.c >&5
configure:7680: $? = 0
configure:7702: result: yes
configure:7728: checking whether the gcc linker (/usr/bin/ld) supports shared libraries
configure:8683: result: yes
configure:8704: checking whether -lc should be explicitly linked in
configure:8709: gcc -c -g -O2  conftest.c >&5
configure:8712: $? = 0
configure:8727: gcc -shared conftest.o  -v -Wl,-soname -Wl,conftest -o conftest 2\>\&1 \| grep  -lc  \>/dev/null 2\>\&1
configure:8730: $? = 0
configure:8742: result: no
configure:8750: checking dynamic linker characteristics
configure:9326: result: GNU/Linux ld.so
configure:9335: checking how to hardcode library paths into programs
configure:9360: result: immediate
configure:9374: checking whether stripping libraries is possible
configure:9379: result: yes
configure:10180: checking if libtool supports shared libraries
configure:10182: result: yes
configure:10185: checking whether to build shared libraries
configure:10206: result: yes
configure:10209: checking whether to build static libraries
configure:10213: result: yes
configure:10305: creating libtool
configure:10893: checking for ld used by g++
configure:10960: result: /usr/bin/ld
configure:10969: checking if the linker (/usr/bin/ld) is GNU ld
configure:10984: result: yes
configure:11035: checking whether the g++ linker (/usr/bin/ld) supports shared libraries
configure:11969: result: yes
configure:11987: g++ -c -g -O2  conftest.cpp >&5
configure:11990: $? = 0
configure:12109: checking for g++ option to produce PIC
configure:12383: result: -fPIC
configure:12391: checking if g++ PIC flag -fPIC works
configure:12409: g++ -c -g -O2  -fPIC -DPIC conftest.cpp >&5
configure:12413: $? = 0
configure:12426: result: yes
configure:12454: checking if g++ static flag -static works
configure:12482: result: yes
configure:12492: checking if g++ supports -c -o file.o
configure:12513: g++ -c -g -O2  -o out/conftest2.o conftest.cpp >&5
configure:12517: $? = 0
configure:12539: result: yes
configure:12565: checking whether the g++ linker (/usr/bin/ld) supports shared libraries
configure:12593: result: yes
configure:12660: checking dynamic linker characteristics
configure:13236: result: GNU/Linux ld.so
configure:13245: checking how to hardcode library paths into programs
configure:13270: result: immediate
configure:19393: checking for strndup
configure:19449: gcc -o conftest -g -O2   conftest.c  >&5
conftest.c:42: warning: conflicting types for built-in function 'strndup'
configure:19455: $? = 0
configure:19473: result: yes
configure:19506: checking for ANSI C header files
configure:19670: result: yes
configure:19687: checking for stdlib.h
configure:19693: result: yes
configure:19687: checking for string.h
configure:19693: result: yes
configure:19687: checking for unistd.h
configure:19693: result: yes
configure:19832: checking regex.h usability
configure:19849: gcc -c -g -O2  conftest.c >&5
configure:19855: $? = 0
configure:19869: result: yes
configure:19873: checking regex.h presence
configure:19888: gcc -E  conftest.c
configure:19894: $? = 0
configure:19908: result: yes
configure:19936: checking for regex.h
configure:19943: result: yes
configure:20080: creating ./config.status

## ---------------------- ##
## Running config.status. ##
## ---------------------- ##

This file was extended by config.status, which was
generated by GNU Autoconf 2.61.  Invocation command line was

  CONFIG_FILES    = 
  CONFIG_HEADERS  = 
  CONFIG_LINKS    = 
  CONFIG_COMMANDS = 
  $ ./config.status 

on burning-hell

config.status:673: creating Makefile
config.status:673: creating src/Makefile
config.status:673: creating doc/Makefile
config.status:673: creating example/Makefile
config.status:673: creating example/testcase/Makefile
config.status:673: creating libmpd.pc
config.status:673: creating src/libmpd-version.h
config.status:673: creating doc/libmpd.doxy
config.status:673: creating config.h
config.status:949: executing depfiles commands

## ---------------- ##
## Cache variables. ##
## ---------------- ##

ac_cv_build=i686-pc-linux-gnu
ac_cv_c_compiler_gnu=yes
ac_cv_cxx_compiler_gnu=yes
ac_cv_env_CCC_set=
ac_cv_env_CCC_value=
ac_cv_env_CC_set=
ac_cv_env_CC_value=
ac_cv_env_CFLAGS_set=
ac_cv_env_CFLAGS_value=
ac_cv_env_CPPFLAGS_set=
ac_cv_env_CPPFLAGS_value=
ac_cv_env_CPP_set=
ac_cv_env_CPP_value=
ac_cv_env_CXXCPP_set=
ac_cv_env_CXXCPP_value=
ac_cv_env_CXXFLAGS_set=
ac_cv_env_CXXFLAGS_value=
ac_cv_env_CXX_set=
ac_cv_env_CXX_value=
ac_cv_env_F77_set=
ac_cv_env_F77_value=
ac_cv_env_FFLAGS_set=
ac_cv_env_FFLAGS_value=
ac_cv_env_LDFLAGS_set=
ac_cv_env_LDFLAGS_value=
ac_cv_env_LIBS_set=
ac_cv_env_LIBS_value=
ac_cv_env_build_alias_set=
ac_cv_env_build_alias_value=
ac_cv_env_host_alias_set=
ac_cv_env_host_alias_value=
ac_cv_env_target_alias_set=
ac_cv_env_target_alias_value=
ac_cv_f77_compiler_gnu=no
ac_cv_func_strndup=yes
ac_cv_header_dlfcn_h=yes
ac_cv_header_inttypes_h=yes
ac_cv_header_memory_h=yes
ac_cv_header_regex_h=yes
ac_cv_header_stdc=yes
ac_cv_header_stdint_h=yes
ac_cv_header_stdlib_h=yes
ac_cv_header_string_h=yes
ac_cv_header_strings_h=yes
ac_cv_header_sys_stat_h=yes
ac_cv_header_sys_types_h=yes
ac_cv_header_unistd_h=yes
ac_cv_host=i686-pc-linux-gnu
ac_cv_objext=o
ac_cv_path_EGREP='/bin/grep -E'
ac_cv_path_GREP=/bin/grep
ac_cv_path_install='/usr/bin/install -c'
ac_cv_path_mkdir=/bin/mkdir
ac_cv_prog_AWK=gawk
ac_cv_prog_CPP='gcc -E'
ac_cv_prog_CXXCPP='g++ -E'
ac_cv_prog_ac_ct_AR=ar
ac_cv_prog_ac_ct_CC=gcc
ac_cv_prog_ac_ct_CXX=g++
ac_cv_prog_ac_ct_RANLIB=ranlib
ac_cv_prog_ac_ct_STRIP=strip
ac_cv_prog_cc_c89=
ac_cv_prog_cc_g=yes
ac_cv_prog_cxx_g=yes
ac_cv_prog_f77_g=no
ac_cv_prog_make_make_set=yes
am_cv_CC_dependencies_compiler_type=gcc3
am_cv_CXX_dependencies_compiler_type=gcc3
lt_cv_deplibs_check_method=pass_all
lt_cv_file_magic_cmd='$MAGIC_CMD'
lt_cv_file_magic_test_file=
lt_cv_ld_reload_flag=-r
lt_cv_objdir=.libs
lt_cv_path_LD=/usr/bin/ld
lt_cv_path_LDCXX=/usr/bin/ld
lt_cv_path_NM='/usr/bin/nm -B'
lt_cv_path_SED=/bin/sed
lt_cv_prog_compiler_c_o=yes
lt_cv_prog_compiler_c_o_CXX=yes
lt_cv_prog_compiler_rtti_exceptions=no
lt_cv_prog_gnu_ld=yes
lt_cv_prog_gnu_ldcxx=yes
lt_cv_sys_global_symbol_pipe='sed -n -e '\''s/^.*[ 	]\([ABCDGIRSTW][ABCDGIRSTW]*\)[ 	][ 	]*\([_A-Za-z][_A-Za-z0-9]*\)$/\1 \2 \2/p'\'''
lt_cv_sys_global_symbol_to_c_name_address='sed -n -e '\''s/^: \([^ ]*\) $/  {\"\1\", (lt_ptr) 0},/p'\'' -e '\''s/^[BCDEGRST] \([^ ]*\) \([^ ]*\)$/  {"\2", (lt_ptr) \&\2},/p'\'''
lt_cv_sys_global_symbol_to_cdecl='sed -n -e '\''s/^. .* \(.*\)$/extern int \1;/p'\'''
lt_cv_sys_max_cmd_len=32768
lt_lt_cv_prog_compiler_c_o='"yes"'
lt_lt_cv_prog_compiler_c_o_CXX='"yes"'
lt_lt_cv_sys_global_symbol_pipe='"sed -n -e '\''s/^.*[ 	]\\([ABCDGIRSTW][ABCDGIRSTW]*\\)[ 	][ 	]*\\([_A-Za-z][_A-Za-z0-9]*\\)\$/\\1 \\2 \\2/p'\''"'
lt_lt_cv_sys_global_symbol_to_c_name_address='"sed -n -e '\''s/^: \\([^ ]*\\) \$/  {\\\"\\1\\\", (lt_ptr) 0},/p'\'' -e '\''s/^[BCDEGRST] \\([^ ]*\\) \\([^ ]*\\)\$/  {\"\\2\", (lt_ptr) \\&\\2},/p'\''"'
lt_lt_cv_sys_global_symbol_to_cdecl='"sed -n -e '\''s/^. .* \\(.*\\)\$/extern int \\1;/p'\''"'

## ----------------- ##
## Output variables. ##
## ----------------- ##

ACLOCAL='${SHELL} /home/bjoern/Downloads/libmpd-0.14.0/missing --run aclocal-1.10'
AMDEPBACKSLASH='\'
AMDEP_FALSE='#'
AMDEP_TRUE=''
AMTAR='${SHELL} /home/bjoern/Downloads/libmpd-0.14.0/missing --run tar'
AR='ar'
AS='as'
AUTOCONF='${SHELL} /home/bjoern/Downloads/libmpd-0.14.0/missing --run autoconf'
AUTOHEADER='${SHELL} /home/bjoern/Downloads/libmpd-0.14.0/missing --run autoheader'
AUTOMAKE='${SHELL} /home/bjoern/Downloads/libmpd-0.14.0/missing --run automake-1.10'
AWK='gawk'
CC='gcc'
CCDEPMODE='depmode=gcc3'
CFLAGS='-g -O2'
CPP='gcc -E'
CPPFLAGS=''
CXX='g++'
CXXCPP='g++ -E'
CXXDEPMODE='depmode=gcc3'
CXXFLAGS='-g -O2'
CYGPATH_W='echo'
DEFS='-DHAVE_CONFIG_H'
DEPDIR='.deps'
DLLTOOL='dlltool'
ECHO='echo'
ECHO_C=''
ECHO_N='-n'
ECHO_T=''
EGREP='/bin/grep -E'
EXEEXT=''
EXTRA_CFLAGS=''
EXTRA_LDFLAGS=''
F77=''
FFLAGS=''
GREP='/bin/grep'
INSTALL_DATA='${INSTALL} -m 644'
INSTALL_PROGRAM='${INSTALL}'
INSTALL_SCRIPT='${INSTALL}'
INSTALL_STRIP_PROGRAM='$(install_sh) -c -s'
LDFLAGS=''
LIBOBJS=''
LIBS=''
LIBTOOL='$(SHELL) $(top_builddir)/libtool'
LN_S='ln -s'
LTLIBOBJS=''
MAKEINFO='${SHELL} /home/bjoern/Downloads/libmpd-0.14.0/missing --run makeinfo'
OBJDUMP='objdump'
OBJEXT='o'
PACKAGE='libmpd'
PACKAGE_BUGREPORT=''
PACKAGE_NAME=''
PACKAGE_STRING=''
PACKAGE_TARNAME=''
PACKAGE_VERSION=''
PATH_SEPARATOR=':'
RANLIB='ranlib'
SET_MAKE=''
SHELL='/bin/bash'
STRIP='strip'
VERSION='0.14.0'
ac_ct_CC='gcc'
ac_ct_CXX='g++'
ac_ct_F77=''
am__fastdepCC_FALSE='#'
am__fastdepCC_TRUE=''
am__fastdepCXX_FALSE='#'
am__fastdepCXX_TRUE=''
am__include='include'
am__isrc=''
am__leading_dot='.'
am__quote=''
am__tar='${AMTAR} chof - "$$tardir"'
am__untar='${AMTAR} xf -'
bindir='${exec_prefix}/bin'
build='i686-pc-linux-gnu'
build_alias=''
build_cpu='i686'
build_os='linux-gnu'
build_vendor='pc'
datadir='${datarootdir}'
datarootdir='${prefix}/share'
docdir='${datarootdir}/doc/${PACKAGE}'
dvidir='${docdir}'
exec_prefix='${prefix}'
host='i686-pc-linux-gnu'
host_alias=''
host_cpu='i686'
host_os='linux-gnu'
host_vendor='pc'
htmldir='${docdir}'
includedir='${prefix}/include'
infodir='${datarootdir}/info'
install_sh='$(SHELL) /home/bjoern/Downloads/libmpd-0.14.0/install-sh'
libdir='${exec_prefix}/lib'
libexecdir='${exec_prefix}/libexec'
localedir='${datarootdir}/locale'
localstatedir='${prefix}/var'
mandir='${datarootdir}/man'
mkdir_p='/bin/mkdir -p'
oldincludedir='/usr/include'
pdfdir='${docdir}'
prefix='/usr/local'
program_transform_name='s,x,x,'
psdir='${docdir}'
sbindir='${exec_prefix}/sbin'
sharedstatedir='${prefix}/com'
sysconfdir='${prefix}/etc'
target_alias=''

## ----------- ##
## confdefs.h. ##
## ----------- ##

#define PACKAGE_NAME ""
#define PACKAGE_TARNAME ""
#define PACKAGE_VERSION ""
#define PACKAGE_STRING ""
#define PACKAGE_BUGREPORT ""
#define STDC_HEADERS 1
#define HAVE_SYS_TYPES_H 1
#define HAVE_SYS_STAT_H 1
#define HAVE_STDLIB_H 1
#define HAVE_STRING_H 1
#define HAVE_MEMORY_H 1
#define HAVE_STRINGS_H 1
#define HAVE_INTTYPES_H 1
#define HAVE_STDINT_H 1
#define HAVE_UNISTD_H 1
#define HAVE_DLFCN_H 1
#define HAVE_STRNDUP 1
#define STDC_HEADERS 1
#define HAVE_STDLIB_H 1
#define HAVE_STRING_H 1
#define HAVE_UNISTD_H 1

configure: exit 0
